#
# There is insufficient memory for the Java Runtime Environment to continue.
# Native memory allocation (malloc) failed to allocate 2393136 bytes for Chunk::new
# Possible reasons:
#   The system is out of physical RAM or swap space
#   In 32 bit mode, the process size limit was hit
# Possible solutions:
#   Reduce memory load on the system
#   Increase physical memory or swap space
#   Check if swap backing store is full
#   Use 64 bit Java on a 64 bit OS
#   Decrease Java heap size (-Xmx/-Xms)
#   Decrease number of Java threads
#   Decrease Java thread stack sizes (-Xss)
#   Set larger code cache with -XX:ReservedCodeCacheSize=
# This output file may be truncated or incomplete.
#
#  Out of Memory Error (allocation.cpp:390), pid=7728, tid=0x0000000000002564
#
# JRE version: OpenJDK Runtime Environment (8.0_152-b01) (build 1.8.0_152-release-915-b01)
# Java VM: OpenJDK 64-Bit Server VM (25.152-b01 mixed mode windows-amd64 compressed oops)
# Failed to write core dump. Minidumps are not enabled by default on client versions of Windows
#

---------------  T H R E A D  ---------------

Current thread (0x0000000012d4b000):  JavaThread "C2 CompilerThread0" daemon [_thread_in_native, id=9572, stack(0x0000000014390000,0x0000000014490000)]

Stack: [0x0000000014390000,0x0000000014490000]
[error occurred during error reporting (printing stack bounds), id 0xc0000005]

Native frames: (J=compiled Java code, j=interpreted, Vv=VM code, C=native code)


Current CompileTask:
C2:  23640  957       4       org.objectweb.asm.ClassReader::a (3587 bytes)


---------------  P R O C E S S  ---------------

Java Threads: ( => current thread )
  0x0000000014598800 JavaThread "Service Thread" daemon [_thread_blocked, id=2968, stack(0x0000000014a90000,0x0000000014b90000)]
  0x0000000014591000 JavaThread "C1 CompilerThread2" daemon [_thread_blocked, id=608, stack(0x0000000014990000,0x0000000014a90000)]
  0x0000000012d9c000 JavaThread "C2 CompilerThread1" daemon [_thread_blocked, id=8904, stack(0x0000000014490000,0x0000000014590000)]
=>0x0000000012d4b000 JavaThread "C2 CompilerThread0" daemon [_thread_in_native, id=9572, stack(0x0000000014390000,0x0000000014490000)]
  0x0000000012d4a000 JavaThread "Attach Listener" daemon [_thread_blocked, id=7464, stack(0x0000000014290000,0x0000000014390000)]
  0x0000000012d48800 JavaThread "Signal Dispatcher" daemon [_thread_blocked, id=3956, stack(0x0000000014190000,0x0000000014290000)]
  0x0000000012d29000 JavaThread "Finalizer" daemon [_thread_blocked, id=9784, stack(0x0000000013fa0000,0x00000000140a0000)]
  0x00000000029d4800 JavaThread "Reference Handler" daemon [_thread_blocked, id=9360, stack(0x0000000013ea0000,0x0000000013fa0000)]
  0x00000000028e4800 JavaThread "main" [_thread_in_native, id=1112, stack(0x00000000027e0000,0x00000000028e0000)]

Other Threads:
  0x0000000012d07000 VMThread [stack: 0x0000000013da0000,0x0000000013ea0000] [id=6324]
  0x0000000014599800 WatcherThread [stack: 0x0000000014b90000,0x0000000014c90000] [id=8700]

VM state:not at safepoint (normal execution)

VM Mutex/Monitor currently owned by a thread: None

Heap:
 PSYoungGen      total 18432K, used 10808K [0x00000000feb00000, 0x00000000fff80000, 0x0000000100000000)
  eden space 15872K, 52% used [0x00000000feb00000,0x00000000ff312c98,0x00000000ffa80000)
  from space 2560K, 99% used [0x00000000ffd00000,0x00000000fff7b5b8,0x00000000fff80000)
  to   space 2560K, 0% used [0x00000000ffa80000,0x00000000ffa80000,0x00000000ffd00000)
 ParOldGen       total 42496K, used 5008K [0x00000000fc000000, 0x00000000fe980000, 0x00000000feb00000)
  object space 42496K, 11% used [0x00000000fc000000,0x00000000fc4e4268,0x00000000fe980000)
 Metaspace       used 7758K, capacity 7992K, committed 8192K, reserved 1056768K
  class space    used 899K, capacity 988K, committed 1024K, reserved 1048576K

Card table byte_map: [0x0000000000ca0000,0x0000000000cd0000] byte_map_base: 0x00000000004c0000

Marking Bits: (ParMarkBitMap*) 0x00000000627c3950
 Begin Bits: [0x00000000121a0000, 0x00000000122a0000)
 End Bits:   [0x00000000122a0000, 0x00000000123a0000)

Polling page: 0x0000000000980000

CodeCache: size=245760Kb used=3826Kb max_used=3838Kb free=241933Kb
 bounds [0x00000000029e0000, 0x0000000002db0000, 0x00000000119e0000]
 total_blobs=1327 nmethods=997 adapters=245
 compilation: enabled

Compilation events (10 events):
Event: 23.059 Thread 0x0000000012d9c000  994       4       org.objectweb.asm.MethodVisitor::visitEnd (15 bytes)
Event: 23.060 Thread 0x0000000012d9c000 nmethod 994 0x0000000002da1610 code [0x0000000002da1740, 0x0000000002da17d8]
Event: 23.062 Thread 0x0000000014591000  995       3       java.util.ArrayList::addAll (54 bytes)
Event: 23.063 Thread 0x0000000014591000 nmethod 995 0x0000000002d9e950 code [0x0000000002d9eb00, 0x0000000002d9f168]
Event: 23.064 Thread 0x0000000012d9c000  996 %     4       org.objectweb.asm.tree.InsnList::accept @ 5 (23 bytes)
Event: 23.064 Thread 0x0000000014591000  997       3       sun.util.calendar.CalendarDate::setLeapYear (6 bytes)
Event: 23.064 Thread 0x0000000014591000 nmethod 997 0x0000000002d9bdd0 code [0x0000000002d9bf20, 0x0000000002d9c070]
Event: 23.065 Thread 0x0000000014591000  998       3       java.util.Arrays$ArrayList::toArray (11 bytes)
Event: 23.065 Thread 0x0000000014591000 nmethod 998 0x0000000002d9e410 code [0x0000000002d9e580, 0x0000000002d9e888]
Event: 23.066 Thread 0x0000000012d9c000 nmethod 996% 0x0000000002da2d50 code [0x0000000002da2ea0, 0x0000000002da2fb8]

GC Heap History (4 events):
Event: 10.763 GC heap before
{Heap before GC invocations=1 (full 0):
 PSYoungGen      total 18432K, used 15872K [0x00000000feb00000, 0x00000000fff80000, 0x0000000100000000)
  eden space 15872K, 100% used [0x00000000feb00000,0x00000000ffa80000,0x00000000ffa80000)
  from space 2560K, 0% used [0x00000000ffd00000,0x00000000ffd00000,0x00000000fff80000)
  to   space 2560K, 0% used [0x00000000ffa80000,0x00000000ffa80000,0x00000000ffd00000)
 ParOldGen       total 42496K, used 0K [0x00000000fc000000, 0x00000000fe980000, 0x00000000feb00000)
  object space 42496K, 0% used [0x00000000fc000000,0x00000000fc000000,0x00000000fe980000)
 Metaspace       used 6511K, capacity 6666K, committed 6784K, reserved 1056768K
  class space    used 768K, capacity 823K, committed 896K, reserved 1048576K
Event: 10.777 GC heap after
Heap after GC invocations=1 (full 0):
 PSYoungGen      total 18432K, used 2544K [0x00000000feb00000, 0x00000000fff80000, 0x0000000100000000)
  eden space 15872K, 0% used [0x00000000feb00000,0x00000000feb00000,0x00000000ffa80000)
  from space 2560K, 99% used [0x00000000ffa80000,0x00000000ffcfc020,0x00000000ffd00000)
  to   space 2560K, 0% used [0x00000000ffd00000,0x00000000ffd00000,0x00000000fff80000)
 ParOldGen       total 42496K, used 1481K [0x00000000fc000000, 0x00000000fe980000, 0x00000000feb00000)
  object space 42496K, 3% used [0x00000000fc000000,0x00000000fc172558,0x00000000fe980000)
 Metaspace       used 6511K, capacity 6666K, committed 6784K, reserved 1056768K
  class space    used 768K, capacity 823K, committed 896K, reserved 1048576K
}
Event: 19.835 GC heap before
{Heap before GC invocations=2 (full 0):
 PSYoungGen      total 18432K, used 18416K [0x00000000feb00000, 0x00000000fff80000, 0x0000000100000000)
  eden space 15872K, 100% used [0x00000000feb00000,0x00000000ffa80000,0x00000000ffa80000)
  from space 2560K, 99% used [0x00000000ffa80000,0x00000000ffcfc020,0x00000000ffd00000)
  to   space 2560K, 0% used [0x00000000ffd00000,0x00000000ffd00000,0x00000000fff80000)
 ParOldGen       total 42496K, used 1481K [0x00000000fc000000, 0x00000000fe980000, 0x00000000feb00000)
  object space 42496K, 3% used [0x00000000fc000000,0x00000000fc172558,0x00000000fe980000)
 Metaspace       used 7699K, capacity 7864K, committed 7936K, reserved 1056768K
  class space    used 898K, capacity 988K, committed 1024K, reserved 1048576K
Event: 19.966 GC heap after
Heap after GC invocations=2 (full 0):
 PSYoungGen      total 18432K, used 2541K [0x00000000feb00000, 0x00000000fff80000, 0x0000000100000000)
  eden space 15872K, 0% used [0x00000000feb00000,0x00000000feb00000,0x00000000ffa80000)
  from space 2560K, 99% used [0x00000000ffd00000,0x00000000fff7b5b8,0x00000000fff80000)
  to   space 2560K, 0% used [0x00000000ffa80000,0x00000000ffa80000,0x00000000ffd00000)
 ParOldGen       total 42496K, used 5008K [0x00000000fc000000, 0x00000000fe980000, 0x00000000feb00000)
  object space 42496K, 11% used [0x00000000fc000000,0x00000000fc4e4268,0x00000000fe980000)
 Metaspace       used 7699K, capacity 7864K, committed 7936K, reserved 1056768K
  class space    used 898K, capacity 988K, committed 1024K, reserved 1048576K
}

Deoptimization events (10 events):
Event: 17.456 Thread 0x00000000028e4800 Uncommon trap: reason=class_check action=maybe_recompile pc=0x0000000002bf5e50 method=com.google.common.collect.Iterators$7.transform(Ljava/lang/Object;)Ljava/lang/Object; @ 5
Event: 17.456 Thread 0x00000000028e4800 Uncommon trap: reason=class_check action=maybe_recompile pc=0x0000000002c00b6c method=com.google.common.collect.TransformedIterator.hasNext()Z @ 4
Event: 17.456 Thread 0x00000000028e4800 Uncommon trap: reason=class_check action=maybe_recompile pc=0x0000000002c08e98 method=com.google.common.collect.TransformedIterator.next()Ljava/lang/Object; @ 5
Event: 17.456 Thread 0x00000000028e4800 Uncommon trap: reason=class_check action=maybe_recompile pc=0x0000000002bf5e50 method=com.google.common.collect.Iterators$7.transform(Ljava/lang/Object;)Ljava/lang/Object; @ 5
Event: 17.456 Thread 0x00000000028e4800 Uncommon trap: reason=class_check action=maybe_recompile pc=0x0000000002c08e98 method=com.google.common.collect.TransformedIterator.next()Ljava/lang/Object; @ 5
Event: 17.456 Thread 0x00000000028e4800 Uncommon trap: reason=class_check action=maybe_recompile pc=0x0000000002bf5e50 method=com.google.common.collect.Iterators$7.transform(Ljava/lang/Object;)Ljava/lang/Object; @ 5
Event: 18.868 Thread 0x00000000028e4800 Uncommon trap: reason=unstable_if action=reinterpret pc=0x0000000002bcceec method=java.lang.String.<init>([CII)V @ 18
Event: 20.065 Thread 0x00000000028e4800 Uncommon trap: reason=unstable_if action=reinterpret pc=0x0000000002d0b980 method=org.objectweb.asm.Item.a(Lorg/objectweb/asm/Item;)Z @ 345
Event: 21.690 Thread 0x00000000028e4800 Uncommon trap: reason=unstable_if action=reinterpret pc=0x0000000002d6ee64 method=org.objectweb.asm.Type.getArgumentsAndReturnSizes(Ljava/lang/String;)I @ 47
Event: 22.005 Thread 0x00000000028e4800 Uncommon trap: reason=unstable_if action=reinterpret pc=0x0000000002d3627c method=org.objectweb.asm.MethodWriter.visitVarInsn(II)V @ 148

Classes redefined (0 events):
No events

Internal exceptions (10 events):
Event: 16.636 Thread 0x00000000028e4800 Exception <a 'sun/nio/fs/WindowsException'> (0x00000000ff173980) thrown at [D:\src\AOSP-openjdk-cygwin\jdk8u\hotspot\src\share\vm\prims\jni.cpp, line 709]
Event: 16.683 Thread 0x00000000028e4800 Exception <a 'sun/nio/fs/WindowsException'> (0x00000000ff178de8) thrown at [D:\src\AOSP-openjdk-cygwin\jdk8u\hotspot\src\share\vm\prims\jni.cpp, line 709]
Event: 17.219 Thread 0x00000000028e4800 Exception <a 'sun/nio/fs/WindowsException'> (0x00000000ff39c4f8) thrown at [D:\src\AOSP-openjdk-cygwin\jdk8u\hotspot\src\share\vm\prims\jni.cpp, line 709]
Event: 17.220 Thread 0x00000000028e4800 Exception <a 'sun/nio/fs/WindowsException'> (0x00000000ff39cab0) thrown at [D:\src\AOSP-openjdk-cygwin\jdk8u\hotspot\src\share\vm\prims\jni.cpp, line 709]
Event: 18.775 Thread 0x00000000028e4800 Exception <a 'sun/nio/fs/WindowsException'> (0x00000000ff5d76a0) thrown at [D:\src\AOSP-openjdk-cygwin\jdk8u\hotspot\src\share\vm\prims\jni.cpp, line 709]
Event: 18.776 Thread 0x00000000028e4800 Exception <a 'sun/nio/fs/WindowsException'> (0x00000000ff5d7bd8) thrown at [D:\src\AOSP-openjdk-cygwin\jdk8u\hotspot\src\share\vm\prims\jni.cpp, line 709]
Event: 20.691 Thread 0x00000000028e4800 Exception <a 'sun/nio/fs/WindowsException'> (0x00000000fec39630) thrown at [D:\src\AOSP-openjdk-cygwin\jdk8u\hotspot\src\share\vm\prims\jni.cpp, line 709]
Event: 20.691 Thread 0x00000000028e4800 Exception <a 'sun/nio/fs/WindowsException'> (0x00000000fec39b68) thrown at [D:\src\AOSP-openjdk-cygwin\jdk8u\hotspot\src\share\vm\prims\jni.cpp, line 709]
Event: 21.792 Thread 0x00000000028e4800 Exception <a 'sun/nio/fs/WindowsException'> (0x00000000fed74b68) thrown at [D:\src\AOSP-openjdk-cygwin\jdk8u\hotspot\src\share\vm\prims\jni.cpp, line 709]
Event: 21.793 Thread 0x00000000028e4800 Exception <a 'sun/nio/fs/WindowsException'> (0x00000000fed750a0) thrown at [D:\src\AOSP-openjdk-cygwin\jdk8u\hotspot\src\share\vm\prims\jni.cpp, line 709]

Events (10 events):
Event: 21.690 Thread 0x00000000028e4800 Uncommon trap: trap_request=0xffffff65 fr.pc=0x0000000002d6ee64
Event: 21.690 Thread 0x00000000028e4800 DEOPT PACKING pc=0x0000000002d6ee64 sp=0x00000000028de3a0
Event: 21.690 Thread 0x00000000028e4800 DEOPT UNPACKING pc=0x0000000002a2556a sp=0x00000000028de328 mode 2
Event: 22.005 Thread 0x00000000028e4800 Uncommon trap: trap_request=0xffffff65 fr.pc=0x0000000002d3627c
Event: 22.005 Thread 0x00000000028e4800 DEOPT PACKING pc=0x0000000002d3627c sp=0x00000000028de8e0
Event: 22.005 Thread 0x00000000028e4800 DEOPT UNPACKING pc=0x0000000002a2556a sp=0x00000000028de880 mode 2
Event: 22.812 Thread 0x00000000028e4800 DEOPT PACKING pc=0x0000000002caf0d8 sp=0x00000000028de7f0
Event: 22.812 Thread 0x00000000028e4800 DEOPT UNPACKING pc=0x0000000002a271bf sp=0x00000000028de7a0 mode 0
Event: 23.032 Thread 0x00000000028e4800 DEOPT PACKING pc=0x0000000002caf0d8 sp=0x00000000028de820
Event: 23.032 Thread 0x00000000028e4800 DEOPT UNPACKING pc=0x0000000002a271bf sp=0x00000000028de7d0 mode 0


Dynamic libraries:
0x00007ff75a130000 - 0x00007ff75a161000 	C:\Program Files\Android\Android Studio\jre\bin\java.exe
0x00007ffa529d0000 - 0x00007ffa52bab000 	C:\WINDOWS\SYSTEM32\ntdll.dll
0x00007ffa51c60000 - 0x00007ffa51d0e000 	C:\WINDOWS\System32\KERNEL32.DLL
0x00007ffa4f890000 - 0x00007ffa4fad9000 	C:\WINDOWS\System32\KERNELBASE.dll
0x00007ffa50210000 - 0x00007ffa502b1000 	C:\WINDOWS\System32\ADVAPI32.dll
0x00007ffa51980000 - 0x00007ffa51a1d000 	C:\WINDOWS\System32\msvcrt.dll
0x00007ffa51ac0000 - 0x00007ffa51b19000 	C:\WINDOWS\System32\sechost.dll
0x00007ffa51b20000 - 0x00007ffa51c45000 	C:\WINDOWS\System32\RPCRT4.dll
0x00007ffa51700000 - 0x00007ffa5184a000 	C:\WINDOWS\System32\USER32.dll
0x00007ffa4fc90000 - 0x00007ffa4fcae000 	C:\WINDOWS\System32\win32u.dll
0x00007ffa51f60000 - 0x00007ffa51f87000 	C:\WINDOWS\System32\GDI32.dll
0x00007ffa4fd00000 - 0x00007ffa4fe87000 	C:\WINDOWS\System32\gdi32full.dll
0x00007ffa4fe90000 - 0x00007ffa4ff2a000 	C:\WINDOWS\System32\msvcp_win.dll
0x00007ffa4fae0000 - 0x00007ffa4fbd6000 	C:\WINDOWS\System32\ucrtbase.dll
0x00007ffa42b30000 - 0x00007ffa42d97000 	C:\WINDOWS\WinSxS\amd64_microsoft.windows.common-controls_6595b64144ccf1df_6.0.15063.483_none_26002d27e7c744a2\COMCTL32.dll
0x00007ffa51f90000 - 0x00007ffa52289000 	C:\WINDOWS\System32\combase.dll
0x00007ffa4f120000 - 0x00007ffa4f18a000 	C:\WINDOWS\System32\bcryptPrimitives.dll
0x00007ffa52870000 - 0x00007ffa5289d000 	C:\WINDOWS\System32\IMM32.DLL
0x0000000061f20000 - 0x0000000061ff2000 	C:\Program Files\Android\Android Studio\jre\jre\bin\msvcr100.dll
0x0000000062000000 - 0x000000006283e000 	C:\Program Files\Android\Android Studio\jre\jre\bin\server\jvm.dll
0x00007ffa51c50000 - 0x00007ffa51c58000 	C:\WINDOWS\System32\PSAPI.DLL
0x00007ffa4c0a0000 - 0x00007ffa4c0a9000 	C:\WINDOWS\SYSTEM32\WSOCK32.dll
0x00007ffa51d70000 - 0x00007ffa51ddc000 	C:\WINDOWS\System32\WS2_32.dll
0x00007ffa4c8b0000 - 0x00007ffa4c8d3000 	C:\WINDOWS\SYSTEM32\WINMM.dll
0x00007ffa427a0000 - 0x00007ffa427aa000 	C:\WINDOWS\SYSTEM32\VERSION.dll
0x00007ffa4c880000 - 0x00007ffa4c8ab000 	C:\WINDOWS\SYSTEM32\WINMMBASE.dll
0x00007ffa4fcb0000 - 0x00007ffa4fcf9000 	C:\WINDOWS\System32\cfgmgr32.dll
0x00007ffa4c090000 - 0x00007ffa4c09f000 	C:\Program Files\Android\Android Studio\jre\jre\bin\verify.dll
0x00007ffa4bd40000 - 0x00007ffa4bd69000 	C:\Program Files\Android\Android Studio\jre\jre\bin\java.dll
0x00007ffa4bfe0000 - 0x00007ffa4bff6000 	C:\Program Files\Android\Android Studio\jre\jre\bin\zip.dll
0x00007ffa502c0000 - 0x00007ffa516f7000 	C:\WINDOWS\System32\SHELL32.dll
0x00007ffa51850000 - 0x00007ffa518fa000 	C:\WINDOWS\System32\shcore.dll
0x00007ffa4f190000 - 0x00007ffa4f881000 	C:\WINDOWS\System32\windows.storage.dll
0x00007ffa528b0000 - 0x00007ffa52901000 	C:\WINDOWS\System32\shlwapi.dll
0x00007ffa4ee40000 - 0x00007ffa4ee51000 	C:\WINDOWS\System32\kernel.appcore.dll
0x00007ffa4ee80000 - 0x00007ffa4eecc000 	C:\WINDOWS\System32\powrprof.dll
0x00007ffa4ee60000 - 0x00007ffa4ee75000 	C:\WINDOWS\System32\profapi.dll
0x00007ffa4e890000 - 0x00007ffa4e8a7000 	C:\WINDOWS\SYSTEM32\CRYPTSP.dll
0x00007ffa4e310000 - 0x00007ffa4e344000 	C:\WINDOWS\system32\rsaenh.dll
0x00007ffa4ed10000 - 0x00007ffa4ed35000 	C:\WINDOWS\SYSTEM32\bcrypt.dll
0x00007ffa4ed70000 - 0x00007ffa4ed99000 	C:\WINDOWS\SYSTEM32\USERENV.dll
0x00007ffa4e8b0000 - 0x00007ffa4e8bb000 	C:\WINDOWS\SYSTEM32\CRYPTBASE.dll
0x00007ffa48bf0000 - 0x00007ffa48c0a000 	C:\Program Files\Android\Android Studio\jre\jre\bin\net.dll
0x00007ffa4e6f0000 - 0x00007ffa4e74c000 	C:\WINDOWS\system32\mswsock.dll
0x00007ffa4e490000 - 0x00007ffa4e4c7000 	C:\WINDOWS\SYSTEM32\IPHLPAPI.DLL
0x00007ffa528a0000 - 0x00007ffa528a8000 	C:\WINDOWS\System32\NSI.dll
0x00007ffa45a30000 - 0x00007ffa45a46000 	C:\WINDOWS\SYSTEM32\dhcpcsvc6.DLL
0x00007ffa48470000 - 0x00007ffa4848a000 	C:\WINDOWS\SYSTEM32\dhcpcsvc.DLL
0x00007ffa48bd0000 - 0x00007ffa48be1000 	C:\Program Files\Android\Android Studio\jre\jre\bin\nio.dll

VM Arguments:
jvm_args: -Djava.awt.headless=true -Xmx64M -Dfile.encoding=windows-1252 -Duser.country=US -Duser.language=en -Duser.variant 
java_command: com.google.devtools.build.android.desugar.Desugar --input C:\Users\personal\Documents\AndroidStudioProjects\Clouds\app\build\intermediates\transforms\stackFramesFixer\debug\0.jar --output C:\Users\personal\Documents\AndroidStudioProjects\Clouds\app\build\intermediates\transforms\desugar\debug\1.jar --input C:\Users\personal\Documents\AndroidStudioProjects\Clouds\app\build\intermediates\transforms\stackFramesFixer\debug\20.jar --output C:\Users\personal\Documents\AndroidStudioProjects\Clouds\app\build\intermediates\transforms\desugar\debug\21.jar --input C:\Users\personal\Documents\AndroidStudioProjects\Clouds\app\build\intermediates\transforms\stackFramesFixer\debug\23.jar --output C:\Users\personal\Documents\AndroidStudioProjects\Clouds\app\build\intermediates\transforms\desugar\debug\24.jar --input C:\Users\personal\Documents\AndroidStudioProjects\Clouds\app\build\intermediates\transforms\stackFramesFixer\debug\22.jar --output C:\Users\personal\Documents\AndroidStudioProjects\Clouds\app\build\intermediates\transforms\desugar\debug\23.jar --input C:\Users\personal\Documents\AndroidStudioProjects\Clouds\app\build\intermediates\transforms\stackFramesFixer\debug\3.jar --output C:\Users\personal\Documents\AndroidStudioProjects\Clouds\app\build\intermediates\transforms\desugar\debug\4.jar --input C:\Users\personal\Documents\AndroidStudioProjects\Clouds\app\build\intermediates\transforms\stackFramesFixer\debug\6.jar --output C:\Users\personal\Documents\AndroidStudioProjects\Clouds\app\build\intermediates\transforms\desugar\debug\7.jar --input C:\Users\personal\Documents\AndroidStudioProjects\Clouds\app\build\intermediates\transforms\stackFramesFixer\debug\13.jar --output C:\Users\personal\Documents\AndroidStudioProjects\Clouds\app\build\intermediates\transforms\desugar\debug\14.jar --classpath_entry C:\Users\personal\Documents\AndroidStudioProjects\Clouds\app\build\intermediates\classes\debug --classpath_entry C:\Users\personal\Documents\AndroidStudioProj
java_class_path (initial): C:\Users\personal\AppData\Local\Temp\desugar_deploy.jar1618125551651661842
Launcher Type: SUN_STANDARD

Environment Variables:
JAVA_HOME=C:\Program Files\Java\jdk1.8.0_101
PATH=C:\ProgramData\Oracle\Java\javapath;C:\WINDOWS\system32;C:\WINDOWS;C:\WINDOWS\System32\Wbem;C:\WINDOWS\System32\WindowsPowerShell\v1.0\;C:\Program Files\Intel\WiFi\bin\;C:\Program Files\Common Files\Intel\WirelessCommon\;C:\Program Files (x86)\Brackets\command;C:\Program Files\Git\cmd;C:\Program Files (x86)\Skype\Phone;C:\sqlite;C:\Program Files\nodejs\;C:\Program Files (x86)\Skype\Phone\;C:\Program Files\Intel\WiFi\bin\;C:\Program Files\Common Files\Intel\WirelessCommon\;C:\Program Files\Java\jdk1.8.0_101\bin;C:\Users\personal\AppData\Roaming\Dashlane\4.6.5.21982\bin\Firefox_Extension\{442718d9-475e-452a-b3e1-fb1ee16b8e9f}\components;C:\Users\personal\AppData\Roaming\Dashlane\4.6.6.23032\bin\Firefox_Extension\{442718d9-475e-452a-b3e1-fb1ee16b8e9f}\components;C:\Users\personal\AppData\Local\Microsoft\WindowsApps;C:\Users\personal\AppData\Roaming\npm;C:\Users\personal\AppData\Roaming\Dashlane\5.2.0.12122\bin\Firefox_Extension\{442718d9-475e-452a-b3e1-fb1ee16b8e9f}\components;C:\Users\personal\AppData\Roaming\Dashlane\5.2.0.12122\ucrt
USERNAME=personal
OS=Windows_NT
PROCESSOR_IDENTIFIER=Intel64 Family 6 Model 37 Stepping 5, GenuineIntel



---------------  S Y S T E M  ---------------

OS: Windows 10.0 , 64 bit Build 15063 (10.0.15063.296)

CPU:total 4 (initial active 4) (2 cores per cpu, 2 threads per core) family 6 model 37 stepping 5, cmov, cx8, fxsr, mmx, sse, sse2, sse3, ssse3, sse4.1, sse4.2, popcnt, aes, clmul, ht, tsc, tscinvbit

Memory: 4k page, physical 3988320k(347020k free), swap 7607312k(6096k free)

vm_info: OpenJDK 64-Bit Server VM (25.152-b01) for windows-amd64 JRE (1.8.0_152-release-915-b01), built by "builder" with MS VC++ 10.0 (VS2010)

time: Sun Dec 17 16:14:30 2017
elapsed time: 23 seconds (0d 0h 0m 23s)

