#
# There is insufficient memory for the Java Runtime Environment to continue.
# Native memory allocation (malloc) failed to allocate 87696 bytes for Chunk::new
# Possible reasons:
#   The system is out of physical RAM or swap space
#   In 32 bit mode, the process size limit was hit
# Possible solutions:
#   Reduce memory load on the system
#   Increase physical memory or swap space
#   Check if swap backing store is full
#   Use 64 bit Java on a 64 bit OS
#   Decrease Java heap size (-Xmx/-Xms)
#   Decrease number of Java threads
#   Decrease Java thread stack sizes (-Xss)
#   Set larger code cache with -XX:ReservedCodeCacheSize=
# This output file may be truncated or incomplete.
#
#  Out of Memory Error (allocation.cpp:390), pid=8660, tid=0x00000000000015d4
#
# JRE version: OpenJDK Runtime Environment (8.0_152-b01) (build 1.8.0_152-release-915-b01)
# Java VM: OpenJDK 64-Bit Server VM (25.152-b01 mixed mode windows-amd64 compressed oops)
# Failed to write core dump. Minidumps are not enabled by default on client versions of Windows
#

---------------  T H R E A D  ---------------

Current thread (0x00000000129ec000):  JavaThread "C2 CompilerThread0" daemon [_thread_in_native, id=5588, stack(0x0000000014030000,0x0000000014130000)]

Stack: [0x0000000014030000,0x0000000014130000]
[error occurred during error reporting (printing stack bounds), id 0xc0000005]

Native frames: (J=compiled Java code, j=interpreted, Vv=VM code, C=native code)


Current CompileTask:
C2:  23074  804       4       org.objectweb.asm.ClassReader::readUTF8 (60 bytes)


---------------  P R O C E S S  ---------------

Java Threads: ( => current thread )
  0x000000001423b000 JavaThread "Service Thread" daemon [_thread_blocked, id=10184, stack(0x0000000014730000,0x0000000014830000)]
  0x0000000012a39800 JavaThread "C1 CompilerThread2" daemon [_thread_in_native, id=4416, stack(0x0000000014630000,0x0000000014730000)]
  0x00000000129ef800 JavaThread "C2 CompilerThread1" daemon [_thread_in_vm, id=10324, stack(0x0000000014130000,0x0000000014230000)]
=>0x00000000129ec000 JavaThread "C2 CompilerThread0" daemon [_thread_in_native, id=5588, stack(0x0000000014030000,0x0000000014130000)]
  0x00000000129eb000 JavaThread "Attach Listener" daemon [_thread_blocked, id=10740, stack(0x0000000013f30000,0x0000000014030000)]
  0x00000000129e9800 JavaThread "Signal Dispatcher" daemon [_thread_blocked, id=616, stack(0x0000000013e30000,0x0000000013f30000)]
  0x0000000002679800 JavaThread "Finalizer" daemon [_thread_blocked, id=8380, stack(0x0000000013c40000,0x0000000013d40000)]
  0x0000000002674800 JavaThread "Reference Handler" daemon [_thread_blocked, id=10592, stack(0x0000000013b40000,0x0000000013c40000)]
  0x0000000002584800 JavaThread "main" [_thread_in_native, id=8216, stack(0x0000000002480000,0x0000000002580000)]

Other Threads:
  0x00000000129a6000 VMThread [stack: 0x0000000013a40000,0x0000000013b40000] [id=3744]
  0x000000001423c000 WatcherThread [stack: 0x0000000014830000,0x0000000014930000] [id=4128]

VM state:synchronizing (normal execution)

VM Mutex/Monitor currently owned by a thread:  ([mutex/lock_event])
[0x0000000002581050] Threads_lock - owner thread: 0x00000000129a6000

Heap:
 PSYoungGen      total 18432K, used 15278K [0x00000000feb00000, 0x00000000fff80000, 0x0000000100000000)
  eden space 15872K, 80% used [0x00000000feb00000,0x00000000ff76f980,0x00000000ffa80000)
  from space 2560K, 99% used [0x00000000ffa80000,0x00000000ffcfc020,0x00000000ffd00000)
  to   space 2560K, 0% used [0x00000000ffd00000,0x00000000ffd00000,0x00000000fff80000)
 ParOldGen       total 42496K, used 1494K [0x00000000fc000000, 0x00000000fe980000, 0x00000000feb00000)
  object space 42496K, 3% used [0x00000000fc000000,0x00000000fc175a40,0x00000000fe980000)
 Metaspace       used 7585K, capacity 7736K, committed 7936K, reserved 1056768K
  class space    used 899K, capacity 988K, committed 1024K, reserved 1048576K

Card table byte_map: [0x00000000009d0000,0x0000000000a00000] byte_map_base: 0x00000000001f0000

Marking Bits: (ParMarkBitMap*) 0x00000000627c3950
 Begin Bits: [0x0000000011e40000, 0x0000000011f40000)
 End Bits:   [0x0000000011f40000, 0x0000000012040000)

Polling page: 0x00000000009a0000

CodeCache: size=245760Kb used=2845Kb max_used=2857Kb free=242914Kb
 bounds [0x0000000002680000, 0x0000000002950000, 0x0000000011680000]
 total_blobs=1127 nmethods=797 adapters=245
 compilation: enabled

Compilation events (10 events):
Event: 22.747 Thread 0x0000000012a39800  794       3       org.objectweb.asm.MethodWriter::visitVarInsn (300 bytes)
Event: 22.748 Thread 0x0000000012a39800 nmethod 794 0x0000000002946fd0 code [0x0000000002947200, 0x0000000002947ca8]
Event: 22.748 Thread 0x0000000012a39800  795       1       java.nio.Buffer::position (5 bytes)
Event: 22.749 Thread 0x0000000012a39800 nmethod 795 0x0000000002948090 code [0x00000000029481e0, 0x00000000029482f0]
Event: 22.751 Thread 0x0000000012a39800  796       3       org.objectweb.asm.MethodVisitor::visitFieldInsn (20 bytes)
Event: 22.751 Thread 0x0000000012a39800 nmethod 796 0x0000000002948350 code [0x00000000029484c0, 0x0000000002948728]
Event: 22.752 Thread 0x0000000012a39800  797       3       org.objectweb.asm.ClassReader::a (3587 bytes)
Event: 22.756 Thread 0x00000000129ef800  802       4       org.objectweb.asm.ClassReader::readInt (52 bytes)
Event: 22.759 Thread 0x00000000129ef800 nmethod 802 0x000000000294b510 code [0x000000000294b640, 0x000000000294b738]
Event: 22.762 Thread 0x00000000129ec000  804       4       org.objectweb.asm.ClassReader::readUTF8 (60 bytes)

GC Heap History (2 events):
Event: 10.144 GC heap before
{Heap before GC invocations=1 (full 0):
 PSYoungGen      total 18432K, used 15872K [0x00000000feb00000, 0x00000000fff80000, 0x0000000100000000)
  eden space 15872K, 100% used [0x00000000feb00000,0x00000000ffa80000,0x00000000ffa80000)
  from space 2560K, 0% used [0x00000000ffd00000,0x00000000ffd00000,0x00000000fff80000)
  to   space 2560K, 0% used [0x00000000ffa80000,0x00000000ffa80000,0x00000000ffd00000)
 ParOldGen       total 42496K, used 0K [0x00000000fc000000, 0x00000000fe980000, 0x00000000feb00000)
  object space 42496K, 0% used [0x00000000fc000000,0x00000000fc000000,0x00000000fe980000)
 Metaspace       used 6503K, capacity 6602K, committed 6784K, reserved 1056768K
  class space    used 768K, capacity 823K, committed 896K, reserved 1048576K
Event: 10.234 GC heap after
Heap after GC invocations=1 (full 0):
 PSYoungGen      total 18432K, used 2544K [0x00000000feb00000, 0x00000000fff80000, 0x0000000100000000)
  eden space 15872K, 0% used [0x00000000feb00000,0x00000000feb00000,0x00000000ffa80000)
  from space 2560K, 99% used [0x00000000ffa80000,0x00000000ffcfc020,0x00000000ffd00000)
  to   space 2560K, 0% used [0x00000000ffd00000,0x00000000ffd00000,0x00000000fff80000)
 ParOldGen       total 42496K, used 1494K [0x00000000fc000000, 0x00000000fe980000, 0x00000000feb00000)
  object space 42496K, 3% used [0x00000000fc000000,0x00000000fc175a40,0x00000000fe980000)
 Metaspace       used 6503K, capacity 6602K, committed 6784K, reserved 1056768K
  class space    used 768K, capacity 823K, committed 896K, reserved 1048576K
}

Deoptimization events (10 events):
Event: 16.896 Thread 0x0000000002584800 Uncommon trap: reason=class_check action=maybe_recompile pc=0x00000000028b012c method=com.google.common.collect.TransformedIterator.hasNext()Z @ 4
Event: 16.896 Thread 0x0000000002584800 Uncommon trap: reason=class_check action=maybe_recompile pc=0x00000000028b012c method=com.google.common.collect.TransformedIterator.hasNext()Z @ 4
Event: 16.896 Thread 0x0000000002584800 Uncommon trap: reason=class_check action=maybe_recompile pc=0x00000000028ace58 method=com.google.common.collect.TransformedIterator.next()Ljava/lang/Object; @ 5
Event: 16.896 Thread 0x0000000002584800 Uncommon trap: reason=class_check action=maybe_recompile pc=0x000000000289a210 method=com.google.common.collect.Iterators$7.transform(Ljava/lang/Object;)Ljava/lang/Object; @ 5
Event: 16.896 Thread 0x0000000002584800 Uncommon trap: reason=class_check action=maybe_recompile pc=0x00000000028b012c method=com.google.common.collect.TransformedIterator.hasNext()Z @ 4
Event: 16.897 Thread 0x0000000002584800 Uncommon trap: reason=class_check action=maybe_recompile pc=0x00000000028ace58 method=com.google.common.collect.TransformedIterator.next()Ljava/lang/Object; @ 5
Event: 16.897 Thread 0x0000000002584800 Uncommon trap: reason=class_check action=maybe_recompile pc=0x000000000289a210 method=com.google.common.collect.Iterators$7.transform(Ljava/lang/Object;)Ljava/lang/Object; @ 5
Event: 16.897 Thread 0x0000000002584800 Uncommon trap: reason=class_check action=maybe_recompile pc=0x00000000028ace58 method=com.google.common.collect.TransformedIterator.next()Ljava/lang/Object; @ 5
Event: 16.897 Thread 0x0000000002584800 Uncommon trap: reason=class_check action=maybe_recompile pc=0x000000000289a210 method=com.google.common.collect.Iterators$7.transform(Ljava/lang/Object;)Ljava/lang/Object; @ 5
Event: 17.850 Thread 0x0000000002584800 Uncommon trap: reason=unstable_if action=reinterpret pc=0x0000000002877cec method=java.lang.String.<init>([CII)V @ 18

Classes redefined (0 events):
No events

Internal exceptions (10 events):
Event: 16.084 Thread 0x0000000002584800 Exception <a 'sun/nio/fs/WindowsException'> (0x00000000ff173910) thrown at [D:\src\AOSP-openjdk-cygwin\jdk8u\hotspot\src\share\vm\prims\jni.cpp, line 709]
Event: 16.113 Thread 0x0000000002584800 Exception <a 'sun/nio/fs/WindowsException'> (0x00000000ff178d78) thrown at [D:\src\AOSP-openjdk-cygwin\jdk8u\hotspot\src\share\vm\prims\jni.cpp, line 709]
Event: 16.641 Thread 0x0000000002584800 Exception <a 'sun/nio/fs/WindowsException'> (0x00000000ff39c4f0) thrown at [D:\src\AOSP-openjdk-cygwin\jdk8u\hotspot\src\share\vm\prims\jni.cpp, line 709]
Event: 16.643 Thread 0x0000000002584800 Exception <a 'sun/nio/fs/WindowsException'> (0x00000000ff39caa8) thrown at [D:\src\AOSP-openjdk-cygwin\jdk8u\hotspot\src\share\vm\prims\jni.cpp, line 709]
Event: 17.801 Thread 0x0000000002584800 Exception <a 'sun/nio/fs/WindowsException'> (0x00000000ff595770) thrown at [D:\src\AOSP-openjdk-cygwin\jdk8u\hotspot\src\share\vm\prims\jni.cpp, line 709]
Event: 17.801 Thread 0x0000000002584800 Exception <a 'sun/nio/fs/WindowsException'> (0x00000000ff595ca8) thrown at [D:\src\AOSP-openjdk-cygwin\jdk8u\hotspot\src\share\vm\prims\jni.cpp, line 709]
Event: 17.937 Thread 0x0000000002584800 Exception <a 'sun/nio/fs/WindowsException'> (0x00000000ff5a9510) thrown at [D:\src\AOSP-openjdk-cygwin\jdk8u\hotspot\src\share\vm\prims\jni.cpp, line 709]
Event: 17.939 Thread 0x0000000002584800 Exception <a 'sun/nio/fs/WindowsException'> (0x00000000ff5a9a48) thrown at [D:\src\AOSP-openjdk-cygwin\jdk8u\hotspot\src\share\vm\prims\jni.cpp, line 709]
Event: 22.721 Thread 0x0000000002584800 Exception <a 'sun/nio/fs/WindowsException'> (0x00000000ff634df0) thrown at [D:\src\AOSP-openjdk-cygwin\jdk8u\hotspot\src\share\vm\prims\jni.cpp, line 709]
Event: 22.721 Thread 0x0000000002584800 Exception <a 'sun/nio/fs/WindowsException'> (0x00000000ff635328) thrown at [D:\src\AOSP-openjdk-cygwin\jdk8u\hotspot\src\share\vm\prims\jni.cpp, line 709]

Events (10 events):
Event: 17.495 loading class java/util/Vector$Itr done
Event: 17.847 loading class org/objectweb/asm/tree/MethodNode$1
Event: 17.847 loading class org/objectweb/asm/tree/MethodNode$1 done
Event: 17.849 Executing VM operation: Deoptimize
Event: 17.850 Executing VM operation: Deoptimize done
Event: 17.850 Thread 0x0000000002584800 Uncommon trap: trap_request=0xffffff65 fr.pc=0x0000000002877cec
Event: 17.850 Thread 0x0000000002584800 DEOPT PACKING pc=0x0000000002877cec sp=0x000000000257e9b0
Event: 17.850 Thread 0x0000000002584800 DEOPT UNPACKING pc=0x00000000026c556a sp=0x000000000257e978 mode 2
Event: 17.996 loading class org/objectweb/asm/Opcodes
Event: 17.996 loading class org/objectweb/asm/Opcodes done


Dynamic libraries:
0x00007ff75a130000 - 0x00007ff75a161000 	C:\Program Files\Android\Android Studio\jre\bin\java.exe
0x00007ffa529d0000 - 0x00007ffa52bab000 	C:\WINDOWS\SYSTEM32\ntdll.dll
0x00007ffa51c60000 - 0x00007ffa51d0e000 	C:\WINDOWS\System32\KERNEL32.DLL
0x00007ffa4f890000 - 0x00007ffa4fad9000 	C:\WINDOWS\System32\KERNELBASE.dll
0x00007ffa50210000 - 0x00007ffa502b1000 	C:\WINDOWS\System32\ADVAPI32.dll
0x00007ffa51980000 - 0x00007ffa51a1d000 	C:\WINDOWS\System32\msvcrt.dll
0x00007ffa51ac0000 - 0x00007ffa51b19000 	C:\WINDOWS\System32\sechost.dll
0x00007ffa51b20000 - 0x00007ffa51c45000 	C:\WINDOWS\System32\RPCRT4.dll
0x00007ffa51700000 - 0x00007ffa5184a000 	C:\WINDOWS\System32\USER32.dll
0x00007ffa4fc90000 - 0x00007ffa4fcae000 	C:\WINDOWS\System32\win32u.dll
0x00007ffa51f60000 - 0x00007ffa51f87000 	C:\WINDOWS\System32\GDI32.dll
0x00007ffa4fd00000 - 0x00007ffa4fe87000 	C:\WINDOWS\System32\gdi32full.dll
0x00007ffa4fe90000 - 0x00007ffa4ff2a000 	C:\WINDOWS\System32\msvcp_win.dll
0x00007ffa4fae0000 - 0x00007ffa4fbd6000 	C:\WINDOWS\System32\ucrtbase.dll
0x00007ffa42b30000 - 0x00007ffa42d97000 	C:\WINDOWS\WinSxS\amd64_microsoft.windows.common-controls_6595b64144ccf1df_6.0.15063.483_none_26002d27e7c744a2\COMCTL32.dll
0x00007ffa51f90000 - 0x00007ffa52289000 	C:\WINDOWS\System32\combase.dll
0x00007ffa4f120000 - 0x00007ffa4f18a000 	C:\WINDOWS\System32\bcryptPrimitives.dll
0x00007ffa52870000 - 0x00007ffa5289d000 	C:\WINDOWS\System32\IMM32.DLL
0x0000000061f20000 - 0x0000000061ff2000 	C:\Program Files\Android\Android Studio\jre\jre\bin\msvcr100.dll
0x0000000062000000 - 0x000000006283e000 	C:\Program Files\Android\Android Studio\jre\jre\bin\server\jvm.dll
0x00007ffa51c50000 - 0x00007ffa51c58000 	C:\WINDOWS\System32\PSAPI.DLL
0x00007ffa4c0a0000 - 0x00007ffa4c0a9000 	C:\WINDOWS\SYSTEM32\WSOCK32.dll
0x00007ffa51d70000 - 0x00007ffa51ddc000 	C:\WINDOWS\System32\WS2_32.dll
0x00007ffa4c8b0000 - 0x00007ffa4c8d3000 	C:\WINDOWS\SYSTEM32\WINMM.dll
0x00007ffa427a0000 - 0x00007ffa427aa000 	C:\WINDOWS\SYSTEM32\VERSION.dll
0x00007ffa4c880000 - 0x00007ffa4c8ab000 	C:\WINDOWS\SYSTEM32\WINMMBASE.dll
0x00007ffa4fcb0000 - 0x00007ffa4fcf9000 	C:\WINDOWS\System32\cfgmgr32.dll
0x00007ffa4c090000 - 0x00007ffa4c09f000 	C:\Program Files\Android\Android Studio\jre\jre\bin\verify.dll
0x00007ffa4bd40000 - 0x00007ffa4bd69000 	C:\Program Files\Android\Android Studio\jre\jre\bin\java.dll
0x00007ffa4bfe0000 - 0x00007ffa4bff6000 	C:\Program Files\Android\Android Studio\jre\jre\bin\zip.dll
0x00007ffa502c0000 - 0x00007ffa516f7000 	C:\WINDOWS\System32\SHELL32.dll
0x00007ffa51850000 - 0x00007ffa518fa000 	C:\WINDOWS\System32\shcore.dll
0x00007ffa4f190000 - 0x00007ffa4f881000 	C:\WINDOWS\System32\windows.storage.dll
0x00007ffa528b0000 - 0x00007ffa52901000 	C:\WINDOWS\System32\shlwapi.dll
0x00007ffa4ee40000 - 0x00007ffa4ee51000 	C:\WINDOWS\System32\kernel.appcore.dll
0x00007ffa4ee80000 - 0x00007ffa4eecc000 	C:\WINDOWS\System32\powrprof.dll
0x00007ffa4ee60000 - 0x00007ffa4ee75000 	C:\WINDOWS\System32\profapi.dll
0x00007ffa4e890000 - 0x00007ffa4e8a7000 	C:\WINDOWS\SYSTEM32\CRYPTSP.dll
0x00007ffa4e310000 - 0x00007ffa4e344000 	C:\WINDOWS\system32\rsaenh.dll
0x00007ffa4ed10000 - 0x00007ffa4ed35000 	C:\WINDOWS\SYSTEM32\bcrypt.dll
0x00007ffa4ed70000 - 0x00007ffa4ed99000 	C:\WINDOWS\SYSTEM32\USERENV.dll
0x00007ffa4e8b0000 - 0x00007ffa4e8bb000 	C:\WINDOWS\SYSTEM32\CRYPTBASE.dll
0x00007ffa48bf0000 - 0x00007ffa48c0a000 	C:\Program Files\Android\Android Studio\jre\jre\bin\net.dll
0x00007ffa4e6f0000 - 0x00007ffa4e74c000 	C:\WINDOWS\system32\mswsock.dll
0x00007ffa4e490000 - 0x00007ffa4e4c7000 	C:\WINDOWS\SYSTEM32\IPHLPAPI.DLL
0x00007ffa528a0000 - 0x00007ffa528a8000 	C:\WINDOWS\System32\NSI.dll
0x00007ffa45a30000 - 0x00007ffa45a46000 	C:\WINDOWS\SYSTEM32\dhcpcsvc6.DLL
0x00007ffa48470000 - 0x00007ffa4848a000 	C:\WINDOWS\SYSTEM32\dhcpcsvc.DLL
0x00007ffa48bd0000 - 0x00007ffa48be1000 	C:\Program Files\Android\Android Studio\jre\jre\bin\nio.dll

VM Arguments:
jvm_args: -Djava.awt.headless=true -Xmx64M -Dfile.encoding=windows-1252 -Duser.country=US -Duser.language=en -Duser.variant 
java_command: com.google.devtools.build.android.desugar.Desugar --input C:\Users\personal\Documents\AndroidStudioProjects\Clouds\app\build\intermediates\transforms\stackFramesFixer\debug\4.jar --output C:\Users\personal\Documents\AndroidStudioProjects\Clouds\app\build\intermediates\transforms\desugar\debug\5.jar --input C:\Users\personal\Documents\AndroidStudioProjects\Clouds\app\build\intermediates\transforms\stackFramesFixer\debug\25.jar --output C:\Users\personal\Documents\AndroidStudioProjects\Clouds\app\build\intermediates\transforms\desugar\debug\26.jar --input C:\Users\personal\Documents\AndroidStudioProjects\Clouds\app\build\intermediates\transforms\stackFramesFixer\debug\24.jar --output C:\Users\personal\Documents\AndroidStudioProjects\Clouds\app\build\intermediates\transforms\desugar\debug\25.jar --input C:\Users\personal\Documents\AndroidStudioProjects\Clouds\app\build\intermediates\transforms\stackFramesFixer\debug\15.jar --output C:\Users\personal\Documents\AndroidStudioProjects\Clouds\app\build\intermediates\transforms\desugar\debug\16.jar --input C:\Users\personal\Documents\AndroidStudioProjects\Clouds\app\build\intermediates\transforms\stackFramesFixer\debug\2.jar --output C:\Users\personal\Documents\AndroidStudioProjects\Clouds\app\build\intermediates\transforms\desugar\debug\3.jar --input C:\Users\personal\Documents\AndroidStudioProjects\Clouds\app\build\intermediates\transforms\stackFramesFixer\debug\16.jar --output C:\Users\personal\Documents\AndroidStudioProjects\Clouds\app\build\intermediates\transforms\desugar\debug\17.jar --input C:\Users\personal\Documents\AndroidStudioProjects\Clouds\app\build\intermediates\transforms\stackFramesFixer\debug\26.jar --output C:\Users\personal\Documents\AndroidStudioProjects\Clouds\app\build\intermediates\transforms\desugar\debug\27.jar --classpath_entry C:\Users\personal\Documents\AndroidStudioProjects\Clouds\app\build\intermediates\classes\debug --classpath_entry C:\Users\personal\Documents\AndroidStudioPr
java_class_path (initial): C:\Users\personal\AppData\Local\Temp\desugar_deploy.jar1618125551651661842
Launcher Type: SUN_STANDARD

Environment Variables:
JAVA_HOME=C:\Program Files\Java\jdk1.8.0_101
PATH=C:\ProgramData\Oracle\Java\javapath;C:\WINDOWS\system32;C:\WINDOWS;C:\WINDOWS\System32\Wbem;C:\WINDOWS\System32\WindowsPowerShell\v1.0\;C:\Program Files\Intel\WiFi\bin\;C:\Program Files\Common Files\Intel\WirelessCommon\;C:\Program Files (x86)\Brackets\command;C:\Program Files\Git\cmd;C:\Program Files (x86)\Skype\Phone;C:\sqlite;C:\Program Files\nodejs\;C:\Program Files (x86)\Skype\Phone\;C:\Program Files\Intel\WiFi\bin\;C:\Program Files\Common Files\Intel\WirelessCommon\;C:\Program Files\Java\jdk1.8.0_101\bin;C:\Users\personal\AppData\Roaming\Dashlane\4.6.5.21982\bin\Firefox_Extension\{442718d9-475e-452a-b3e1-fb1ee16b8e9f}\components;C:\Users\personal\AppData\Roaming\Dashlane\4.6.6.23032\bin\Firefox_Extension\{442718d9-475e-452a-b3e1-fb1ee16b8e9f}\components;C:\Users\personal\AppData\Local\Microsoft\WindowsApps;C:\Users\personal\AppData\Roaming\npm;C:\Users\personal\AppData\Roaming\Dashlane\5.2.0.12122\bin\Firefox_Extension\{442718d9-475e-452a-b3e1-fb1ee16b8e9f}\components;C:\Users\personal\AppData\Roaming\Dashlane\5.2.0.12122\ucrt
USERNAME=personal
OS=Windows_NT
PROCESSOR_IDENTIFIER=Intel64 Family 6 Model 37 Stepping 5, GenuineIntel



---------------  S Y S T E M  ---------------

OS: Windows 10.0 , 64 bit Build 15063 (10.0.15063.296)

CPU:total 4 (initial active 4) (2 cores per cpu, 2 threads per core) family 6 model 37 stepping 5, cmov, cx8, fxsr, mmx, sse, sse2, sse3, ssse3, sse4.1, sse4.2, popcnt, aes, clmul, ht, tsc, tscinvbit

Memory: 4k page, physical 3988320k(347020k free), swap 7607312k(6096k free)

vm_info: OpenJDK 64-Bit Server VM (25.152-b01) for windows-amd64 JRE (1.8.0_152-release-915-b01), built by "builder" with MS VC++ 10.0 (VS2010)

time: Sun Dec 17 16:14:30 2017
elapsed time: 23 seconds (0d 0h 0m 23s)

